<?xml version="1.0" encoding="UTF-8"?>
<!-- Generated by org.testng.reporters.JUnitReportReporter -->
<testsuite skipped="0" hostname="DESKTOP-5G0034K" name="TestScripts.LoginVerifyScenarios" tests="1" failures="0" timestamp="15 Apr 2019 14:20:57 GMT" time="1.341" errors="0">
  <testcase name="verifylogin" time="1.341" classname="TestScripts.LoginVerifyScenarios"/>
</testsuite> <!-- TestScripts.LoginVerifyScenarios -->
